<?xml version="1.0" encoding="UTF-8"?>
<!-- Generated by org.testng.reporters.JUnitReportReporter -->
<testsuite hostname="Jasprit" failures="0" tests="6" name="pack1.PriorityExample" time="0.020" errors="0" timestamp="2024-08-05T16:41:27 IST" skipped="1">
  <testcase classname="pack1.PriorityExample" name="testcase7" time="0.005"/>
  <system-out/>
  <testcase classname="pack1.PriorityExample" name="testcase5" time="0.010"/>
  <system-out/>
  <testcase classname="pack1.PriorityExample" name="testcase1" time="0.002"/>
  <system-out/>
  <testcase classname="pack1.PriorityExample" name="testcase2" time="0.002"/>
  <system-out/>
  <testcase classname="pack1.PriorityExample" name="testcase4" time="0.001"/>
  <system-out/>
  <testcase classname="pack1.PriorityExample" name="testcase3">
    <skipped/>
  </testcase> <!-- testcase3 -->
  <system-out/>
</testsuite> <!-- pack1.PriorityExample -->
