<?xml version="1.0" encoding="UTF-8"?>
<!-- Generated by org.testng.reporters.JUnitReportReporter -->
<testsuite hostname="Jasprit" failures="0" tests="1" name="pack1.GroupingExample1" time="0.000" errors="0" timestamp="2024-08-05T15:45:29 IST" skipped="0">
  <testcase classname="pack1.GroupingExample1" name="demo1" time="0.000"/>
  <system-out/>
</testsuite> <!-- pack1.GroupingExample1 -->
