<?xml version="1.0" encoding="UTF-8"?>
<!-- Generated by org.testng.reporters.JUnitReportReporter -->
<testsuite hostname="Jasprit" failures="0" tests="2" name="test.Testcases" time="0.004" errors="0" timestamp="2024-08-05T15:23:54 IST" skipped="0">
  <testcase classname="test.Testcases" name="testcase1" time="0.002"/>
  <system-out/>
  <testcase classname="test.Testcases" name="testcase2" time="0.002"/>
  <system-out/>
</testsuite> <!-- test.Testcases -->
