<?xml version="1.0" encoding="UTF-8"?>
<!-- Generated by org.testng.reporters.JUnitReportReporter -->
<testsuite hostname="Jasprit" failures="0" tests="1" name="pack1.GroupingExample2" time="0.006" errors="0" timestamp="2024-08-05T15:45:29 IST" skipped="0">
  <testcase classname="pack1.GroupingExample2" name="demo2" time="0.006"/>
  <system-out/>
</testsuite> <!-- pack1.GroupingExample2 -->
