<?xml version="1.0" encoding="UTF-8"?>
<!-- Generated by org.testng.reporters.JUnitReportReporter -->
<testsuite hostname="Jasprit" failures="0" tests="1" name="test2.Demo_2" time="0.010" errors="0" timestamp="2024-08-05T09:36:48 IST" skipped="0">
  <testcase classname="test2.Demo_2" name="testcase2" time="0.010"/>
  <system-out/>
</testsuite> <!-- test2.Demo_2 -->
